<?xml version="1.0" encoding="UTF-8"?>
<testsuite name="PlantsTestCase" tests="2" skipped="0" failures="0" errors="0" timestamp="2020-06-07T22:04:00" hostname="gKayHudson.local" time="0.011">
  <properties/>
  <testcase name="testCreateFlower()" classname="PlantsTestCase" time="0.01"/>
  <testcase name="testCreateHerb()" classname="PlantsTestCase" time="0.0"/>
  <system-out><![CDATA[]]></system-out>
  <system-err><![CDATA[]]></system-err>
</testsuite>
